--------------------------------------------------------------------------------
Release 14.7 Trace  (nt64)
Copyright (c) 1995-2013 Xilinx, Inc.  All rights reserved.

C:\Xilinx\14.7\ISE_DS\ISE\bin\nt64\unwrapped\trce.exe -intstyle ise -v 3 -s 4
-n 3 -fastpaths -xml eighttothree.twx eighttothree.ncd -o eighttothree.twr
eighttothree.pcf

Design file:              eighttothree.ncd
Physical constraint file: eighttothree.pcf
Device,package,speed:     xc3s50,pq208,-4 (PRODUCTION 1.39 2013-10-13)
Report level:             verbose report

Environment Variable      Effect 
--------------------      ------ 
NONE                      No environment variables were set
--------------------------------------------------------------------------------

INFO:Timing:2698 - No timing constraints found, doing default enumeration.
INFO:Timing:3412 - To improve timing, see the Timing Closure User Guide (UG612).
INFO:Timing:2752 - To get complete path coverage, use the unconstrained paths 
   option. All paths that are not constrained will be reported in the 
   unconstrained paths section(s) of the report.
INFO:Timing:3339 - The clock-to-out numbers in this timing report are based on 
   a 50 Ohm transmission line loading model.  For the details of this model, 
   and for more information on accounting for different loading conditions, 
   please see the device datasheet.
INFO:Timing:3390 - This architecture does not support a default System Jitter 
   value, please add SYSTEM_JITTER constraint to the UCF to modify the Clock 
   Uncertainty calculation.
INFO:Timing:3389 - This architecture does not support 'Discrete Jitter' and 
   'Phase Error' calculations, these terms will be zero in the Clock 
   Uncertainty calculation.  Please make appropriate modification to 
   SYSTEM_JITTER to account for the unsupported Discrete Jitter and Phase 
   Error.



Data Sheet report:
-----------------
All values displayed in nanoseconds (ns)

Pad to Pad
---------------+---------------+---------+
Source Pad     |Destination Pad|  Delay  |
---------------+---------------+---------+
i<1>           |o<0>           |    8.163|
i<2>           |o<1>           |    8.405|
i<3>           |o<0>           |    8.150|
i<3>           |o<1>           |    7.920|
i<4>           |o<2>           |    7.608|
i<5>           |o<0>           |    8.354|
i<5>           |o<2>           |    8.205|
i<6>           |o<1>           |    8.154|
i<6>           |o<2>           |    7.581|
i<7>           |o<0>           |    7.973|
i<7>           |o<1>           |    7.927|
i<7>           |o<2>           |    7.697|
---------------+---------------+---------+


Analysis completed Mon Jan 27 00:59:48 2020 
--------------------------------------------------------------------------------

Trace Settings:
-------------------------
Trace Settings 

Peak Memory Usage: 134 MB



